<?xml version="1.0" encoding="UTF-8"?>
<testng-results skipped="0" failed="0" ignored="0" total="1" passed="1">
  <reporter-output>
  </reporter-output>
  <suite name="Default suite" duration-ms="32019" started-at="2022-02-24T20:43:50 EST" finished-at="2022-02-24T20:44:22 EST">
    <groups>
    </groups>
    <test name="Default test" duration-ms="32019" started-at="2022-02-24T20:43:50 EST" finished-at="2022-02-24T20:44:22 EST">
      <class name="com.eShipperV1.testCases.SaveQuoteTestCase">
        <test-method status="PASS" signature="setup()[pri:0, instance:com.eShipperV1.testCases.SaveQuoteTestCase@23d2a7e8]" name="setup" is-config="true" duration-ms="7742" started-at="2022-02-24T20:43:50 EST" finished-at="2022-02-24T20:43:58 EST">
          <reporter-output>
          </reporter-output>
        </test-method> <!-- setup -->
        <test-method status="PASS" signature="saveQuote()[pri:0, instance:com.eShipperV1.testCases.SaveQuoteTestCase@23d2a7e8]" name="saveQuote" duration-ms="24218" started-at="2022-02-24T20:43:58 EST" finished-at="2022-02-24T20:44:22 EST">
          <reporter-output>
          </reporter-output>
        </test-method> <!-- saveQuote -->
      </class> <!-- com.eShipperV1.testCases.SaveQuoteTestCase -->
    </test> <!-- Default test -->
  </suite> <!-- Default suite -->
</testng-results>
