<?xml version="1.0" encoding="UTF-8"?>
<testng-results skipped="0" failed="0" ignored="0" total="1" passed="1">
  <reporter-output>
  </reporter-output>
  <suite name="Default suite" duration-ms="9819" started-at="2022-02-21T15:04:37 EST" finished-at="2022-02-21T15:04:47 EST">
    <groups>
    </groups>
    <test name="Default test" duration-ms="9819" started-at="2022-02-21T15:04:37 EST" finished-at="2022-02-21T15:04:47 EST">
      <class name="com.eShipperV1.testCases.LoginTestCase">
        <test-method status="PASS" signature="setup()[pri:0, instance:com.eShipperV1.testCases.LoginTestCase@7a9273a8]" name="setup" is-config="true" duration-ms="3220" started-at="2022-02-21T15:04:37 EST" finished-at="2022-02-21T15:04:40 EST">
          <reporter-output>
          </reporter-output>
        </test-method> <!-- setup -->
        <test-method status="PASS" signature="loginTest()[pri:0, instance:com.eShipperV1.testCases.LoginTestCase@7a9273a8]" name="loginTest" duration-ms="5574" started-at="2022-02-21T15:04:40 EST" finished-at="2022-02-21T15:04:46 EST">
          <reporter-output>
          </reporter-output>
        </test-method> <!-- loginTest -->
        <test-method status="PASS" signature="exit()[pri:0, instance:com.eShipperV1.testCases.LoginTestCase@7a9273a8]" name="exit" is-config="true" duration-ms="975" started-at="2022-02-21T15:04:46 EST" finished-at="2022-02-21T15:04:46 EST">
          <reporter-output>
          </reporter-output>
        </test-method> <!-- exit -->
      </class> <!-- com.eShipperV1.testCases.LoginTestCase -->
    </test> <!-- Default test -->
  </suite> <!-- Default suite -->
</testng-results>
